<?xml version="1.0" encoding="UTF-8"?>
<testng-results ignored="4" total="5" passed="1" failed="0" skipped="0">
  <reporter-output>
  </reporter-output>
  <suite started-at="2025-08-24T19:44:39Z" name="Default suite" finished-at="2025-08-24T19:45:13Z" duration-ms="34563">
    <groups>
    </groups>
    <test started-at="2025-08-24T19:44:39Z" name="Default test" finished-at="2025-08-24T19:45:13Z" duration-ms="34563">
      <class name="com.lumastore.testcases.TC_homePageTest">
        <test-method is-config="true" signature="setup()[pri:0, instance:com.lumastore.testcases.TC_homePageTest@732d0d24]" started-at="2025-08-24T19:44:39Z" name="setup" finished-at="2025-08-24T19:45:10Z" duration-ms="30627" status="PASS">
          <reporter-output>
          </reporter-output>
        </test-method> <!-- setup -->
        <test-method signature="verifyMessageWhenClickOnEmptyCart()[pri:5, instance:com.lumastore.testcases.TC_homePageTest@732d0d24]" started-at="2025-08-24T19:45:10Z" name="verifyMessageWhenClickOnEmptyCart" finished-at="2025-08-24T19:45:13Z" duration-ms="3218" status="PASS">
          <reporter-output>
          </reporter-output>
        </test-method> <!-- verifyMessageWhenClickOnEmptyCart -->
        <test-method is-config="true" signature="tearDown()[pri:0, instance:com.lumastore.testcases.TC_homePageTest@732d0d24]" started-at="2025-08-24T19:45:13Z" name="tearDown" finished-at="2025-08-24T19:45:13Z" duration-ms="682" status="PASS">
          <reporter-output>
          </reporter-output>
        </test-method> <!-- tearDown -->
      </class> <!-- com.lumastore.testcases.TC_homePageTest -->
    </test> <!-- Default test -->
  </suite> <!-- Default suite -->
</testng-results>
