<?xml version="1.0" encoding="UTF-8"?>
<!-- Generated by org.testng.reporters.JUnitXMLReporter -->
<testsuite ignored="4" hostname="DESKTOP-LOSCQCA" failures="0" tests="1" name="Default test" time="34.563" errors="0" timestamp="24 Aug 2025 19:45:13 GMT">
  <testcase classname="com.lumastore.testcases.TC_homePageTest" name="verifyMessageWhenClickOnEmptyCart" time="3.218"/>
  <testcase classname="com.lumastore.testcases.TC_homePageTest" name="verifySearchBoxText" time="0.0">
    <ignored/>
  </testcase> <!-- verifySearchBoxText -->
  <testcase classname="com.lumastore.testcases.TC_homePageTest" name="verifyCreateAnAccountLink" time="0.0">
    <ignored/>
  </testcase> <!-- verifyCreateAnAccountLink -->
  <testcase classname="com.lumastore.testcases.TC_homePageTest" name="vrifySearchFinctionalityInHomePage" time="0.0">
    <ignored/>
  </testcase> <!-- vrifySearchFinctionalityInHomePage -->
  <testcase classname="com.lumastore.testcases.TC_homePageTest" name="verifySignInLink" time="0.0">
    <ignored/>
  </testcase> <!-- verifySignInLink -->
</testsuite> <!-- Default test -->
