<?xml version="1.0" encoding="UTF-8"?>
<!-- Generated by org.testng.reporters.JUnitXMLReporter -->
<testsuite ignored="4" hostname="DESKTOP-LOSCQCA" failures="0" tests="2" name="Default test" time="52.408" errors="0" timestamp="31 Jul 2023 10:39:22 GMT">
  <testcase classname="com.lumastore.testcases.TC_SearchResultPageTest" name="verifySearchBoxFunctionality" time="9.681"/>
  <testcase classname="com.lumastore.testcases.TC_SearchResultPageTest" name="verifyNextAndPreviousPageButtonsFunctionality" time="24.227"/>
  <testcase classname="com.lumastore.testcases.TC_SearchResultPageTest" name="verifySortByFunctionality" time="0.0">
    <ignored/>
  </testcase> <!-- verifySortByFunctionality -->
  <testcase classname="com.lumastore.testcases.TC_SearchResultPageTest" name="AscDescSwitcherFunctionality" time="0.0">
    <ignored/>
  </testcase> <!-- AscDescSwitcherFunctionality -->
  <testcase classname="com.lumastore.testcases.TC_SearchResultPageTest" name="verifyItemsPerPageDropDownFunctionality" time="0.0">
    <ignored/>
  </testcase> <!-- verifyItemsPerPageDropDownFunctionality -->
  <testcase classname="com.lumastore.testcases.TC_SearchResultPageTest" name="verifyListGridModeFunctionality" time="0.0">
    <ignored/>
  </testcase> <!-- verifyListGridModeFunctionality -->
</testsuite> <!-- Default test -->
