<?xml version="1.0" encoding="UTF-8"?>
<!-- Generated by org.testng.reporters.JUnitXMLReporter -->
<testsuite ignored="0" hostname="DESKTOP-LOSCQCA" failures="0" tests="2" name="Test" time="47.762" errors="0" timestamp="30 Jul 2023 18:03:54 GMT">
  <testcase classname="com.lumastore.testcases.TC_dataDrivenLoginPageTest" name="verifyDataDrivenTest" time="15.34"/>
  <testcase classname="com.lumastore.testcases.TC_dataDrivenLoginPageTest" name="verifyDataDrivenTest" time="12.571"/>
</testsuite> <!-- Test -->
